2025-03-04 12:05:29.4473|INFO|Program|This is an info message
2025-03-04 12:05:29.6004|ERROR|Program|An error occurred
2025-03-04 12:29:45.7370|INFO|Program|This is an info message
2025-03-04 12:29:45.8503|ERROR|Program|An error occurred
2025-03-04 12:30:10.6595|INFO|HelloGreetingApplication.Controllers.HelloGreetingController|Get request recieved
2025-03-04 12:30:36.1295|INFO|Program|This is an info message
2025-03-04 12:30:36.3379|ERROR|Program|An error occurred
2025-03-04 12:40:38.2914|INFO|HelloGreetingApplication.Controllers.HelloGreetingController|Get request recieved
2025-03-04 12:42:49.6301|INFO|HelloGreetingApplication.Program|Application is starting...
2025-03-04 12:43:08.7415|INFO|HelloGreetingApplication.Controllers.HelloGreetingController|Get request recieved
2025-03-04 12:53:13.2522 INFO Application is starting...
2025-03-04 12:53:40.8094 INFO Get request recieved
2025-03-04 12:56:50.0092 INFO POST request recieved with key: string, value: string
2025-03-04 13:12:33.5052 INFO Application is starting...
2025-03-04 13:12:51.2767 INFO Get request recieved
2025-03-04 13:13:06.8989 INFO POST request recieved with key: string, value: string
2025-03-04 13:13:23.1590 INFO PUT request recieved. Updating greeting to : string, string
2025-03-04 13:13:52.7404 INFO PATCH request recieved. Modifying greeting with: string, string
2025-03-04 13:15:20.4650 INFO DELETE request recieved. Removing greeting for key: string, value: string
2025-03-04 14:18:36.5617 INFO Application is starting...
2025-03-04 14:59:22.4014 INFO Application is starting...
2025-03-04 15:06:34.7655 INFO Application is starting...
2025-03-04 15:08:23.2891 INFO Application is starting...
2025-03-04 15:31:27.3277 INFO Application is starting...
2025-03-04 15:34:31.3684 INFO Application is starting...
2025-03-04 15:36:15.6325 INFO Application is starting...
2025-03-04 15:38:05.8970 INFO Application is starting...
2025-03-04 15:39:50.3728 INFO Application is starting...
2025-03-04 15:42:21.1095 INFO Application is starting...
2025-03-04 22:44:36.2518 INFO Application is starting...
2025-03-04 23:49:03.1561 INFO Application is starting...
2025-03-05 11:12:57.3425 INFO Application is starting...
2025-03-05 11:16:31.4529 INFO Application is starting...
2025-03-05 11:17:06.9944 INFO Get request received with Firstname: Yash, Lastname: Sharma
2025-03-05 11:17:17.2660 INFO Get request received with Firstname: Yash, Lastname: 
2025-03-05 11:17:45.4618 INFO Get request received with Firstname: , Lastname: Sharma
2025-03-05 11:18:04.4972 INFO Get request received with Firstname: , Lastname: 
